CRITICAL - 2025-06-14 16:53:02 --> ErrorException: Attempt to read property "KD_BUKU" on array
[Method: GET, Route: c_buku]
in APPPATH\Views\v_buku.php on line 19.
 1 APPPATH\Views\v_buku.php(19): CodeIgniter\Debug\Exceptions->errorHandler(2, 'Attempt to read property "KD_BUKU" on array', 'C:\\xampp\\htdocs\\webperpustakaan\\app\\Views\\v_buku.php', 19)
 2 SYSTEMPATH\View\View.php(224): include('C:\\xampp\\htdocs\\webperpustakaan\\app\\Views\\v_buku.php')
 3 SYSTEMPATH\View\View.php(227): CodeIgniter\View\View->CodeIgniter\View\{closure}()
 4 SYSTEMPATH\Common.php(1173): CodeIgniter\View\View->render('v_buku', [], true)
 5 APPPATH\Controllers\c_buku.php(22): view('v_buku', [...])
 6 SYSTEMPATH\CodeIgniter.php(933): App\Controllers\c_buku->index()
 7 SYSTEMPATH\CodeIgniter.php(507): CodeIgniter\CodeIgniter->runController(Object(App\Controllers\c_buku))
 8 SYSTEMPATH\CodeIgniter.php(354): CodeIgniter\CodeIgniter->handleRequest(null, Object(Config\Cache), false)
 9 SYSTEMPATH\Boot.php(334): CodeIgniter\CodeIgniter->run()
10 SYSTEMPATH\Boot.php(67): CodeIgniter\Boot::runCodeIgniter(Object(CodeIgniter\CodeIgniter))
11 FCPATH\index.php(59): CodeIgniter\Boot::bootWeb(Object(Config\Paths))
12 SYSTEMPATH\rewrite.php(44): require_once('C:\\xampp\\htdocs\\webperpustakaan\\public\\index.php')
CRITICAL - 2025-06-14 16:53:19 --> ErrorException: Attempt to read property "KD_BUKU" on array
[Method: GET, Route: c_buku]
in APPPATH\Views\v_buku.php on line 19.
 1 APPPATH\Views\v_buku.php(19): CodeIgniter\Debug\Exceptions->errorHandler(2, 'Attempt to read property "KD_BUKU" on array', 'C:\\xampp\\htdocs\\webperpustakaan\\app\\Views\\v_buku.php', 19)
 2 SYSTEMPATH\View\View.php(224): include('C:\\xampp\\htdocs\\webperpustakaan\\app\\Views\\v_buku.php')
 3 SYSTEMPATH\View\View.php(227): CodeIgniter\View\View->CodeIgniter\View\{closure}()
 4 SYSTEMPATH\Common.php(1173): CodeIgniter\View\View->render('v_buku', [], true)
 5 APPPATH\Controllers\c_buku.php(22): view('v_buku', [...])
 6 SYSTEMPATH\CodeIgniter.php(933): App\Controllers\c_buku->index()
 7 SYSTEMPATH\CodeIgniter.php(507): CodeIgniter\CodeIgniter->runController(Object(App\Controllers\c_buku))
 8 SYSTEMPATH\CodeIgniter.php(354): CodeIgniter\CodeIgniter->handleRequest(null, Object(Config\Cache), false)
 9 SYSTEMPATH\Boot.php(334): CodeIgniter\CodeIgniter->run()
10 SYSTEMPATH\Boot.php(67): CodeIgniter\Boot::runCodeIgniter(Object(CodeIgniter\CodeIgniter))
11 FCPATH\index.php(59): CodeIgniter\Boot::bootWeb(Object(Config\Paths))
12 SYSTEMPATH\rewrite.php(44): require_once('C:\\xampp\\htdocs\\webperpustakaan\\public\\index.php')
CRITICAL - 2025-06-14 16:54:59 --> ErrorException: Attempt to read property "KD_BUKU" on array
[Method: GET, Route: c_buku]
in APPPATH\Views\v_buku.php on line 19.
 1 APPPATH\Views\v_buku.php(19): CodeIgniter\Debug\Exceptions->errorHandler(2, 'Attempt to read property "KD_BUKU" on array', 'C:\\xampp\\htdocs\\webperpustakaan\\app\\Views\\v_buku.php', 19)
 2 SYSTEMPATH\View\View.php(224): include('C:\\xampp\\htdocs\\webperpustakaan\\app\\Views\\v_buku.php')
 3 SYSTEMPATH\View\View.php(227): CodeIgniter\View\View->CodeIgniter\View\{closure}()
 4 SYSTEMPATH\Common.php(1173): CodeIgniter\View\View->render('v_buku', [], true)
 5 APPPATH\Controllers\c_buku.php(22): view('v_buku', [...])
 6 SYSTEMPATH\CodeIgniter.php(933): App\Controllers\c_buku->index()
 7 SYSTEMPATH\CodeIgniter.php(507): CodeIgniter\CodeIgniter->runController(Object(App\Controllers\c_buku))
 8 SYSTEMPATH\CodeIgniter.php(354): CodeIgniter\CodeIgniter->handleRequest(null, Object(Config\Cache), false)
 9 SYSTEMPATH\Boot.php(334): CodeIgniter\CodeIgniter->run()
10 SYSTEMPATH\Boot.php(67): CodeIgniter\Boot::runCodeIgniter(Object(CodeIgniter\CodeIgniter))
11 FCPATH\index.php(59): CodeIgniter\Boot::bootWeb(Object(Config\Paths))
12 SYSTEMPATH\rewrite.php(44): require_once('C:\\xampp\\htdocs\\webperpustakaan\\public\\index.php')
CRITICAL - 2025-06-14 16:55:29 --> ErrorException: Attempt to read property "KD_BUKU" on array
[Method: GET, Route: c_buku]
in APPPATH\Views\v_buku.php on line 19.
 1 APPPATH\Views\v_buku.php(19): CodeIgniter\Debug\Exceptions->errorHandler(2, 'Attempt to read property "KD_BUKU" on array', 'C:\\xampp\\htdocs\\webperpustakaan\\app\\Views\\v_buku.php', 19)
 2 SYSTEMPATH\View\View.php(224): include('C:\\xampp\\htdocs\\webperpustakaan\\app\\Views\\v_buku.php')
 3 SYSTEMPATH\View\View.php(227): CodeIgniter\View\View->CodeIgniter\View\{closure}()
 4 SYSTEMPATH\Common.php(1173): CodeIgniter\View\View->render('v_buku', [], true)
 5 APPPATH\Controllers\c_buku.php(22): view('v_buku', [...])
 6 SYSTEMPATH\CodeIgniter.php(933): App\Controllers\c_buku->index()
 7 SYSTEMPATH\CodeIgniter.php(507): CodeIgniter\CodeIgniter->runController(Object(App\Controllers\c_buku))
 8 SYSTEMPATH\CodeIgniter.php(354): CodeIgniter\CodeIgniter->handleRequest(null, Object(Config\Cache), false)
 9 SYSTEMPATH\Boot.php(334): CodeIgniter\CodeIgniter->run()
10 SYSTEMPATH\Boot.php(67): CodeIgniter\Boot::runCodeIgniter(Object(CodeIgniter\CodeIgniter))
11 FCPATH\index.php(59): CodeIgniter\Boot::bootWeb(Object(Config\Paths))
12 SYSTEMPATH\rewrite.php(44): require_once('C:\\xampp\\htdocs\\webperpustakaan\\public\\index.php')
CRITICAL - 2025-06-14 16:55:29 --> ErrorException: Attempt to read property "KD_BUKU" on array
[Method: GET, Route: c_buku]
in APPPATH\Views\v_buku.php on line 19.
 1 APPPATH\Views\v_buku.php(19): CodeIgniter\Debug\Exceptions->errorHandler(2, 'Attempt to read property "KD_BUKU" on array', 'C:\\xampp\\htdocs\\webperpustakaan\\app\\Views\\v_buku.php', 19)
 2 SYSTEMPATH\View\View.php(224): include('C:\\xampp\\htdocs\\webperpustakaan\\app\\Views\\v_buku.php')
 3 SYSTEMPATH\View\View.php(227): CodeIgniter\View\View->CodeIgniter\View\{closure}()
 4 SYSTEMPATH\Common.php(1173): CodeIgniter\View\View->render('v_buku', [], true)
 5 APPPATH\Controllers\c_buku.php(22): view('v_buku', [...])
 6 SYSTEMPATH\CodeIgniter.php(933): App\Controllers\c_buku->index()
 7 SYSTEMPATH\CodeIgniter.php(507): CodeIgniter\CodeIgniter->runController(Object(App\Controllers\c_buku))
 8 SYSTEMPATH\CodeIgniter.php(354): CodeIgniter\CodeIgniter->handleRequest(null, Object(Config\Cache), false)
 9 SYSTEMPATH\Boot.php(334): CodeIgniter\CodeIgniter->run()
10 SYSTEMPATH\Boot.php(67): CodeIgniter\Boot::runCodeIgniter(Object(CodeIgniter\CodeIgniter))
11 FCPATH\index.php(59): CodeIgniter\Boot::bootWeb(Object(Config\Paths))
12 SYSTEMPATH\rewrite.php(44): require_once('C:\\xampp\\htdocs\\webperpustakaan\\public\\index.php')
CRITICAL - 2025-06-14 16:56:08 --> ErrorException: Attempt to read property "KD_BUKU" on array
[Method: GET, Route: c_buku]
in APPPATH\Views\v_buku.php on line 19.
 1 APPPATH\Views\v_buku.php(19): CodeIgniter\Debug\Exceptions->errorHandler(2, 'Attempt to read property "KD_BUKU" on array', 'C:\\xampp\\htdocs\\webperpustakaan\\app\\Views\\v_buku.php', 19)
 2 SYSTEMPATH\View\View.php(224): include('C:\\xampp\\htdocs\\webperpustakaan\\app\\Views\\v_buku.php')
 3 SYSTEMPATH\View\View.php(227): CodeIgniter\View\View->CodeIgniter\View\{closure}()
 4 SYSTEMPATH\Common.php(1173): CodeIgniter\View\View->render('v_buku', [], true)
 5 APPPATH\Controllers\c_buku.php(22): view('v_buku', [...])
 6 SYSTEMPATH\CodeIgniter.php(933): App\Controllers\c_buku->index()
 7 SYSTEMPATH\CodeIgniter.php(507): CodeIgniter\CodeIgniter->runController(Object(App\Controllers\c_buku))
 8 SYSTEMPATH\CodeIgniter.php(354): CodeIgniter\CodeIgniter->handleRequest(null, Object(Config\Cache), false)
 9 SYSTEMPATH\Boot.php(334): CodeIgniter\CodeIgniter->run()
10 SYSTEMPATH\Boot.php(67): CodeIgniter\Boot::runCodeIgniter(Object(CodeIgniter\CodeIgniter))
11 FCPATH\index.php(59): CodeIgniter\Boot::bootWeb(Object(Config\Paths))
12 SYSTEMPATH\rewrite.php(44): require_once('C:\\xampp\\htdocs\\webperpustakaan\\public\\index.php')
CRITICAL - 2025-06-14 16:56:09 --> ErrorException: Attempt to read property "KD_BUKU" on array
[Method: GET, Route: c_buku]
in APPPATH\Views\v_buku.php on line 19.
 1 APPPATH\Views\v_buku.php(19): CodeIgniter\Debug\Exceptions->errorHandler(2, 'Attempt to read property "KD_BUKU" on array', 'C:\\xampp\\htdocs\\webperpustakaan\\app\\Views\\v_buku.php', 19)
 2 SYSTEMPATH\View\View.php(224): include('C:\\xampp\\htdocs\\webperpustakaan\\app\\Views\\v_buku.php')
 3 SYSTEMPATH\View\View.php(227): CodeIgniter\View\View->CodeIgniter\View\{closure}()
 4 SYSTEMPATH\Common.php(1173): CodeIgniter\View\View->render('v_buku', [], true)
 5 APPPATH\Controllers\c_buku.php(22): view('v_buku', [...])
 6 SYSTEMPATH\CodeIgniter.php(933): App\Controllers\c_buku->index()
 7 SYSTEMPATH\CodeIgniter.php(507): CodeIgniter\CodeIgniter->runController(Object(App\Controllers\c_buku))
 8 SYSTEMPATH\CodeIgniter.php(354): CodeIgniter\CodeIgniter->handleRequest(null, Object(Config\Cache), false)
 9 SYSTEMPATH\Boot.php(334): CodeIgniter\CodeIgniter->run()
10 SYSTEMPATH\Boot.php(67): CodeIgniter\Boot::runCodeIgniter(Object(CodeIgniter\CodeIgniter))
11 FCPATH\index.php(59): CodeIgniter\Boot::bootWeb(Object(Config\Paths))
12 SYSTEMPATH\rewrite.php(44): require_once('C:\\xampp\\htdocs\\webperpustakaan\\public\\index.php')
CRITICAL - 2025-06-14 16:58:56 --> ErrorException: Attempt to read property "KD_BUKU" on array
[Method: GET, Route: c_buku]
in APPPATH\Views\v_buku.php on line 19.
 1 APPPATH\Views\v_buku.php(19): CodeIgniter\Debug\Exceptions->errorHandler(2, 'Attempt to read property "KD_BUKU" on array', 'C:\\xampp\\htdocs\\webperpustakaan\\app\\Views\\v_buku.php', 19)
 2 SYSTEMPATH\View\View.php(224): include('C:\\xampp\\htdocs\\webperpustakaan\\app\\Views\\v_buku.php')
 3 SYSTEMPATH\View\View.php(227): CodeIgniter\View\View->CodeIgniter\View\{closure}()
 4 SYSTEMPATH\Common.php(1173): CodeIgniter\View\View->render('v_buku', [], true)
 5 APPPATH\Controllers\c_buku.php(22): view('v_buku', [...])
 6 SYSTEMPATH\CodeIgniter.php(933): App\Controllers\c_buku->index()
 7 SYSTEMPATH\CodeIgniter.php(507): CodeIgniter\CodeIgniter->runController(Object(App\Controllers\c_buku))
 8 SYSTEMPATH\CodeIgniter.php(354): CodeIgniter\CodeIgniter->handleRequest(null, Object(Config\Cache), false)
 9 SYSTEMPATH\Boot.php(334): CodeIgniter\CodeIgniter->run()
10 SYSTEMPATH\Boot.php(67): CodeIgniter\Boot::runCodeIgniter(Object(CodeIgniter\CodeIgniter))
11 FCPATH\index.php(59): CodeIgniter\Boot::bootWeb(Object(Config\Paths))
12 SYSTEMPATH\rewrite.php(44): require_once('C:\\xampp\\htdocs\\webperpustakaan\\public\\index.php')
CRITICAL - 2025-06-14 17:04:01 --> ErrorException: Attempt to read property "KD_BUKU" on array
[Method: GET, Route: c_buku]
in APPPATH\Views\v_buku.php on line 19.
 1 APPPATH\Views\v_buku.php(19): CodeIgniter\Debug\Exceptions->errorHandler(2, 'Attempt to read property "KD_BUKU" on array', 'C:\\xampp\\htdocs\\webperpustakaan\\app\\Views\\v_buku.php', 19)
 2 SYSTEMPATH\View\View.php(224): include('C:\\xampp\\htdocs\\webperpustakaan\\app\\Views\\v_buku.php')
 3 SYSTEMPATH\View\View.php(227): CodeIgniter\View\View->CodeIgniter\View\{closure}()
 4 SYSTEMPATH\Common.php(1173): CodeIgniter\View\View->render('v_buku', [], true)
 5 APPPATH\Controllers\c_buku.php(22): view('v_buku', [...])
 6 SYSTEMPATH\CodeIgniter.php(933): App\Controllers\c_buku->index()
 7 SYSTEMPATH\CodeIgniter.php(507): CodeIgniter\CodeIgniter->runController(Object(App\Controllers\c_buku))
 8 SYSTEMPATH\CodeIgniter.php(354): CodeIgniter\CodeIgniter->handleRequest(null, Object(Config\Cache), false)
 9 SYSTEMPATH\Boot.php(334): CodeIgniter\CodeIgniter->run()
10 SYSTEMPATH\Boot.php(67): CodeIgniter\Boot::runCodeIgniter(Object(CodeIgniter\CodeIgniter))
11 FCPATH\index.php(59): CodeIgniter\Boot::bootWeb(Object(Config\Paths))
12 SYSTEMPATH\rewrite.php(44): require_once('C:\\xampp\\htdocs\\webperpustakaan\\public\\index.php')
CRITICAL - 2025-06-14 17:05:48 --> ErrorException: Attempt to read property "KD_BUKU" on array
[Method: GET, Route: c_buku]
in APPPATH\Views\v_buku.php on line 19.
 1 APPPATH\Views\v_buku.php(19): CodeIgniter\Debug\Exceptions->errorHandler(2, 'Attempt to read property "KD_BUKU" on array', 'C:\\xampp\\htdocs\\webperpustakaan\\app\\Views\\v_buku.php', 19)
 2 SYSTEMPATH\View\View.php(224): include('C:\\xampp\\htdocs\\webperpustakaan\\app\\Views\\v_buku.php')
 3 SYSTEMPATH\View\View.php(227): CodeIgniter\View\View->CodeIgniter\View\{closure}()
 4 SYSTEMPATH\Common.php(1173): CodeIgniter\View\View->render('v_buku', [], true)
 5 APPPATH\Controllers\c_buku.php(22): view('v_buku', [...])
 6 SYSTEMPATH\CodeIgniter.php(933): App\Controllers\c_buku->index()
 7 SYSTEMPATH\CodeIgniter.php(507): CodeIgniter\CodeIgniter->runController(Object(App\Controllers\c_buku))
 8 SYSTEMPATH\CodeIgniter.php(354): CodeIgniter\CodeIgniter->handleRequest(null, Object(Config\Cache), false)
 9 SYSTEMPATH\Boot.php(334): CodeIgniter\CodeIgniter->run()
10 SYSTEMPATH\Boot.php(67): CodeIgniter\Boot::runCodeIgniter(Object(CodeIgniter\CodeIgniter))
11 FCPATH\index.php(59): CodeIgniter\Boot::bootWeb(Object(Config\Paths))
12 SYSTEMPATH\rewrite.php(44): require_once('C:\\xampp\\htdocs\\webperpustakaan\\public\\index.php')
CRITICAL - 2025-06-14 17:05:48 --> ErrorException: Attempt to read property "KD_BUKU" on array
[Method: GET, Route: c_buku]
in APPPATH\Views\v_buku.php on line 19.
 1 APPPATH\Views\v_buku.php(19): CodeIgniter\Debug\Exceptions->errorHandler(2, 'Attempt to read property "KD_BUKU" on array', 'C:\\xampp\\htdocs\\webperpustakaan\\app\\Views\\v_buku.php', 19)
 2 SYSTEMPATH\View\View.php(224): include('C:\\xampp\\htdocs\\webperpustakaan\\app\\Views\\v_buku.php')
 3 SYSTEMPATH\View\View.php(227): CodeIgniter\View\View->CodeIgniter\View\{closure}()
 4 SYSTEMPATH\Common.php(1173): CodeIgniter\View\View->render('v_buku', [], true)
 5 APPPATH\Controllers\c_buku.php(22): view('v_buku', [...])
 6 SYSTEMPATH\CodeIgniter.php(933): App\Controllers\c_buku->index()
 7 SYSTEMPATH\CodeIgniter.php(507): CodeIgniter\CodeIgniter->runController(Object(App\Controllers\c_buku))
 8 SYSTEMPATH\CodeIgniter.php(354): CodeIgniter\CodeIgniter->handleRequest(null, Object(Config\Cache), false)
 9 SYSTEMPATH\Boot.php(334): CodeIgniter\CodeIgniter->run()
10 SYSTEMPATH\Boot.php(67): CodeIgniter\Boot::runCodeIgniter(Object(CodeIgniter\CodeIgniter))
11 FCPATH\index.php(59): CodeIgniter\Boot::bootWeb(Object(Config\Paths))
12 SYSTEMPATH\rewrite.php(44): require_once('C:\\xampp\\htdocs\\webperpustakaan\\public\\index.php')
CRITICAL - 2025-06-14 17:06:08 --> ErrorException: Attempt to read property "KD_BUKU" on array
[Method: GET, Route: c_buku]
in APPPATH\Views\v_buku.php on line 19.
 1 APPPATH\Views\v_buku.php(19): CodeIgniter\Debug\Exceptions->errorHandler(2, 'Attempt to read property "KD_BUKU" on array', 'C:\\xampp\\htdocs\\webperpustakaan\\app\\Views\\v_buku.php', 19)
 2 SYSTEMPATH\View\View.php(224): include('C:\\xampp\\htdocs\\webperpustakaan\\app\\Views\\v_buku.php')
 3 SYSTEMPATH\View\View.php(227): CodeIgniter\View\View->CodeIgniter\View\{closure}()
 4 SYSTEMPATH\Common.php(1173): CodeIgniter\View\View->render('v_buku', [], true)
 5 APPPATH\Controllers\c_buku.php(24): view('v_buku', [...])
 6 SYSTEMPATH\CodeIgniter.php(933): App\Controllers\c_buku->index()
 7 SYSTEMPATH\CodeIgniter.php(507): CodeIgniter\CodeIgniter->runController(Object(App\Controllers\c_buku))
 8 SYSTEMPATH\CodeIgniter.php(354): CodeIgniter\CodeIgniter->handleRequest(null, Object(Config\Cache), false)
 9 SYSTEMPATH\Boot.php(334): CodeIgniter\CodeIgniter->run()
10 SYSTEMPATH\Boot.php(67): CodeIgniter\Boot::runCodeIgniter(Object(CodeIgniter\CodeIgniter))
11 FCPATH\index.php(59): CodeIgniter\Boot::bootWeb(Object(Config\Paths))
12 SYSTEMPATH\rewrite.php(44): require_once('C:\\xampp\\htdocs\\webperpustakaan\\public\\index.php')
CRITICAL - 2025-06-14 17:06:29 --> ErrorException: Attempt to read property "KD_BUKU" on array
[Method: GET, Route: c_buku]
in APPPATH\Views\v_buku.php on line 19.
 1 APPPATH\Views\v_buku.php(19): CodeIgniter\Debug\Exceptions->errorHandler(2, 'Attempt to read property "KD_BUKU" on array', 'C:\\xampp\\htdocs\\webperpustakaan\\app\\Views\\v_buku.php', 19)
 2 SYSTEMPATH\View\View.php(224): include('C:\\xampp\\htdocs\\webperpustakaan\\app\\Views\\v_buku.php')
 3 SYSTEMPATH\View\View.php(227): CodeIgniter\View\View->CodeIgniter\View\{closure}()
 4 SYSTEMPATH\Common.php(1173): CodeIgniter\View\View->render('v_buku', [], true)
 5 APPPATH\Controllers\c_buku.php(24): view('v_buku', [...])
 6 SYSTEMPATH\CodeIgniter.php(933): App\Controllers\c_buku->index()
 7 SYSTEMPATH\CodeIgniter.php(507): CodeIgniter\CodeIgniter->runController(Object(App\Controllers\c_buku))
 8 SYSTEMPATH\CodeIgniter.php(354): CodeIgniter\CodeIgniter->handleRequest(null, Object(Config\Cache), false)
 9 SYSTEMPATH\Boot.php(334): CodeIgniter\CodeIgniter->run()
10 SYSTEMPATH\Boot.php(67): CodeIgniter\Boot::runCodeIgniter(Object(CodeIgniter\CodeIgniter))
11 FCPATH\index.php(59): CodeIgniter\Boot::bootWeb(Object(Config\Paths))
12 SYSTEMPATH\rewrite.php(44): require_once('C:\\xampp\\htdocs\\webperpustakaan\\public\\index.php')
ERROR - 2025-06-14 17:18:55 --> mysqli_sql_exception: Duplicate entry '2322' for key 'PRIMARY' in C:\xampp\htdocs\webperpustakaan\system\Database\MySQLi\Connection.php:327
Stack trace:
#0 C:\xampp\htdocs\webperpustakaan\system\Database\MySQLi\Connection.php(327): mysqli->query('INSERT INTO `bu...', 0)
#1 C:\xampp\htdocs\webperpustakaan\system\Database\BaseConnection.php(738): CodeIgniter\Database\MySQLi\Connection->execute('INSERT INTO `bu...')
#2 C:\xampp\htdocs\webperpustakaan\system\Database\BaseConnection.php(652): CodeIgniter\Database\BaseConnection->simpleQuery('INSERT INTO `bu...')
#3 C:\xampp\htdocs\webperpustakaan\system\Database\BaseBuilder.php(2345): CodeIgniter\Database\BaseConnection->query('INSERT INTO `bu...', Array, false)
#4 C:\xampp\htdocs\webperpustakaan\system\Model.php(394): CodeIgniter\Database\BaseBuilder->insert()
#5 C:\xampp\htdocs\webperpustakaan\system\BaseModel.php(843): CodeIgniter\Model->doInsert(Array)
#6 C:\xampp\htdocs\webperpustakaan\system\Model.php(800): CodeIgniter\BaseModel->insert(Array, true)
#7 C:\xampp\htdocs\webperpustakaan\app\Models\m_buku.php(26): CodeIgniter\Model->insert(Array)
#8 C:\xampp\htdocs\webperpustakaan\app\Controllers\c_buku.php(16): App\Models\m_buku->tambah()
#9 C:\xampp\htdocs\webperpustakaan\system\CodeIgniter.php(933): App\Controllers\c_buku->tambahdata()
#10 C:\xampp\htdocs\webperpustakaan\system\CodeIgniter.php(507): CodeIgniter\CodeIgniter->runController(Object(App\Controllers\c_buku))
#11 C:\xampp\htdocs\webperpustakaan\system\CodeIgniter.php(354): CodeIgniter\CodeIgniter->handleRequest(NULL, Object(Config\Cache), false)
#12 C:\xampp\htdocs\webperpustakaan\system\Boot.php(334): CodeIgniter\CodeIgniter->run()
#13 C:\xampp\htdocs\webperpustakaan\system\Boot.php(67): CodeIgniter\Boot::runCodeIgniter(Object(CodeIgniter\CodeIgniter))
#14 C:\xampp\htdocs\webperpustakaan\public\index.php(59): CodeIgniter\Boot::bootWeb(Object(Config\Paths))
#15 C:\xampp\htdocs\webperpustakaan\system\rewrite.php(44): require_once('C:\\xampp\\htdocs...')
#16 {main}
CRITICAL - 2025-06-14 17:18:55 --> CodeIgniter\Database\Exceptions\DatabaseException: Duplicate entry '2322' for key 'PRIMARY'
[Method: POST, Route: c_buku/tambahdata]
in SYSTEMPATH\Database\BaseConnection.php on line 692.
 1 SYSTEMPATH\Database\BaseBuilder.php(2345): CodeIgniter\Database\BaseConnection->query('INSERT INTO `buku` (`KD_BUKU`, `JUDUL`, `PENGARANG`, `PENERBIT`) VALUES (:KD_BUKU:, :JUDUL:, :PENGARANG:, :PENERBIT:)', [...], false)
 2 SYSTEMPATH\Model.php(394): CodeIgniter\Database\BaseBuilder->insert()
 3 SYSTEMPATH\BaseModel.php(843): CodeIgniter\Model->doInsert([...])
 4 SYSTEMPATH\Model.php(800): CodeIgniter\BaseModel->insert([...], true)
 5 APPPATH\Models\m_buku.php(26): CodeIgniter\Model->insert([...])
 6 APPPATH\Controllers\c_buku.php(16): App\Models\m_buku->tambah()
 7 SYSTEMPATH\CodeIgniter.php(933): App\Controllers\c_buku->tambahdata()
 8 SYSTEMPATH\CodeIgniter.php(507): CodeIgniter\CodeIgniter->runController(Object(App\Controllers\c_buku))
 9 SYSTEMPATH\CodeIgniter.php(354): CodeIgniter\CodeIgniter->handleRequest(null, Object(Config\Cache), false)
10 SYSTEMPATH\Boot.php(334): CodeIgniter\CodeIgniter->run()
11 SYSTEMPATH\Boot.php(67): CodeIgniter\Boot::runCodeIgniter(Object(CodeIgniter\CodeIgniter))
12 FCPATH\index.php(59): CodeIgniter\Boot::bootWeb(Object(Config\Paths))
13 SYSTEMPATH\rewrite.php(44): require_once('C:\\xampp\\htdocs\\webperpustakaan\\public\\index.php')
CRITICAL - 2025-06-14 17:18:55 --> [Caused by] CodeIgniter\Database\Exceptions\DatabaseException: Duplicate entry '2322' for key 'PRIMARY'
in SYSTEMPATH\Database\MySQLi\Connection.php on line 332.
 1 SYSTEMPATH\Database\BaseConnection.php(738): CodeIgniter\Database\MySQLi\Connection->execute('INSERT INTO `buku` (`KD_BUKU`, `JUDUL`, `PENGARANG`, `PENERBIT`) VALUES (\'2322\', \'Corel Draw\', \'Aditya S.T\', \'Media Kita\')')
 2 SYSTEMPATH\Database\BaseConnection.php(652): CodeIgniter\Database\BaseConnection->simpleQuery('INSERT INTO `buku` (`KD_BUKU`, `JUDUL`, `PENGARANG`, `PENERBIT`) VALUES (\'2322\', \'Corel Draw\', \'Aditya S.T\', \'Media Kita\')')
 3 SYSTEMPATH\Database\BaseBuilder.php(2345): CodeIgniter\Database\BaseConnection->query('INSERT INTO `buku` (`KD_BUKU`, `JUDUL`, `PENGARANG`, `PENERBIT`) VALUES (:KD_BUKU:, :JUDUL:, :PENGARANG:, :PENERBIT:)', [...], false)
 4 SYSTEMPATH\Model.php(394): CodeIgniter\Database\BaseBuilder->insert()
 5 SYSTEMPATH\BaseModel.php(843): CodeIgniter\Model->doInsert([...])
 6 SYSTEMPATH\Model.php(800): CodeIgniter\BaseModel->insert([...], true)
 7 APPPATH\Models\m_buku.php(26): CodeIgniter\Model->insert([...])
 8 APPPATH\Controllers\c_buku.php(16): App\Models\m_buku->tambah()
 9 SYSTEMPATH\CodeIgniter.php(933): App\Controllers\c_buku->tambahdata()
10 SYSTEMPATH\CodeIgniter.php(507): CodeIgniter\CodeIgniter->runController(Object(App\Controllers\c_buku))
11 SYSTEMPATH\CodeIgniter.php(354): CodeIgniter\CodeIgniter->handleRequest(null, Object(Config\Cache), false)
12 SYSTEMPATH\Boot.php(334): CodeIgniter\CodeIgniter->run()
13 SYSTEMPATH\Boot.php(67): CodeIgniter\Boot::runCodeIgniter(Object(CodeIgniter\CodeIgniter))
14 FCPATH\index.php(59): CodeIgniter\Boot::bootWeb(Object(Config\Paths))
15 SYSTEMPATH\rewrite.php(44): require_once('C:\\xampp\\htdocs\\webperpustakaan\\public\\index.php')
CRITICAL - 2025-06-14 17:18:55 --> [Caused by] mysqli_sql_exception: Duplicate entry '2322' for key 'PRIMARY'
in SYSTEMPATH\Database\MySQLi\Connection.php on line 327.
 1 SYSTEMPATH\Database\MySQLi\Connection.php(327): mysqli->query('INSERT INTO `buku` (`KD_BUKU`, `JUDUL`, `PENGARANG`, `PENERBIT`) VALUES (\'2322\', \'Corel Draw\', \'Aditya S.T\', \'Media Kita\')', 0)
 2 SYSTEMPATH\Database\BaseConnection.php(738): CodeIgniter\Database\MySQLi\Connection->execute('INSERT INTO `buku` (`KD_BUKU`, `JUDUL`, `PENGARANG`, `PENERBIT`) VALUES (\'2322\', \'Corel Draw\', \'Aditya S.T\', \'Media Kita\')')
 3 SYSTEMPATH\Database\BaseConnection.php(652): CodeIgniter\Database\BaseConnection->simpleQuery('INSERT INTO `buku` (`KD_BUKU`, `JUDUL`, `PENGARANG`, `PENERBIT`) VALUES (\'2322\', \'Corel Draw\', \'Aditya S.T\', \'Media Kita\')')
 4 SYSTEMPATH\Database\BaseBuilder.php(2345): CodeIgniter\Database\BaseConnection->query('INSERT INTO `buku` (`KD_BUKU`, `JUDUL`, `PENGARANG`, `PENERBIT`) VALUES (:KD_BUKU:, :JUDUL:, :PENGARANG:, :PENERBIT:)', [...], false)
 5 SYSTEMPATH\Model.php(394): CodeIgniter\Database\BaseBuilder->insert()
 6 SYSTEMPATH\BaseModel.php(843): CodeIgniter\Model->doInsert([...])
 7 SYSTEMPATH\Model.php(800): CodeIgniter\BaseModel->insert([...], true)
 8 APPPATH\Models\m_buku.php(26): CodeIgniter\Model->insert([...])
 9 APPPATH\Controllers\c_buku.php(16): App\Models\m_buku->tambah()
10 SYSTEMPATH\CodeIgniter.php(933): App\Controllers\c_buku->tambahdata()
11 SYSTEMPATH\CodeIgniter.php(507): CodeIgniter\CodeIgniter->runController(Object(App\Controllers\c_buku))
12 SYSTEMPATH\CodeIgniter.php(354): CodeIgniter\CodeIgniter->handleRequest(null, Object(Config\Cache), false)
13 SYSTEMPATH\Boot.php(334): CodeIgniter\CodeIgniter->run()
14 SYSTEMPATH\Boot.php(67): CodeIgniter\Boot::runCodeIgniter(Object(CodeIgniter\CodeIgniter))
15 FCPATH\index.php(59): CodeIgniter\Boot::bootWeb(Object(Config\Paths))
16 SYSTEMPATH\rewrite.php(44): require_once('C:\\xampp\\htdocs\\webperpustakaan\\public\\index.php')
ERROR - 2025-06-14 17:20:14 --> mysqli_sql_exception: Duplicate entry '2322' for key 'PRIMARY' in C:\xampp\htdocs\webperpustakaan\system\Database\MySQLi\Connection.php:327
Stack trace:
#0 C:\xampp\htdocs\webperpustakaan\system\Database\MySQLi\Connection.php(327): mysqli->query('INSERT INTO `bu...', 0)
#1 C:\xampp\htdocs\webperpustakaan\system\Database\BaseConnection.php(738): CodeIgniter\Database\MySQLi\Connection->execute('INSERT INTO `bu...')
#2 C:\xampp\htdocs\webperpustakaan\system\Database\BaseConnection.php(652): CodeIgniter\Database\BaseConnection->simpleQuery('INSERT INTO `bu...')
#3 C:\xampp\htdocs\webperpustakaan\system\Database\BaseBuilder.php(2345): CodeIgniter\Database\BaseConnection->query('INSERT INTO `bu...', Array, false)
#4 C:\xampp\htdocs\webperpustakaan\system\Model.php(394): CodeIgniter\Database\BaseBuilder->insert()
#5 C:\xampp\htdocs\webperpustakaan\system\BaseModel.php(843): CodeIgniter\Model->doInsert(Array)
#6 C:\xampp\htdocs\webperpustakaan\system\Model.php(800): CodeIgniter\BaseModel->insert(Array, true)
#7 C:\xampp\htdocs\webperpustakaan\app\Models\m_buku.php(26): CodeIgniter\Model->insert(Array)
#8 C:\xampp\htdocs\webperpustakaan\app\Controllers\c_buku.php(18): App\Models\m_buku->tambah()
#9 C:\xampp\htdocs\webperpustakaan\system\CodeIgniter.php(933): App\Controllers\c_buku->tambahdata()
#10 C:\xampp\htdocs\webperpustakaan\system\CodeIgniter.php(507): CodeIgniter\CodeIgniter->runController(Object(App\Controllers\c_buku))
#11 C:\xampp\htdocs\webperpustakaan\system\CodeIgniter.php(354): CodeIgniter\CodeIgniter->handleRequest(NULL, Object(Config\Cache), false)
#12 C:\xampp\htdocs\webperpustakaan\system\Boot.php(334): CodeIgniter\CodeIgniter->run()
#13 C:\xampp\htdocs\webperpustakaan\system\Boot.php(67): CodeIgniter\Boot::runCodeIgniter(Object(CodeIgniter\CodeIgniter))
#14 C:\xampp\htdocs\webperpustakaan\public\index.php(59): CodeIgniter\Boot::bootWeb(Object(Config\Paths))
#15 C:\xampp\htdocs\webperpustakaan\system\rewrite.php(44): require_once('C:\\xampp\\htdocs...')
#16 {main}
CRITICAL - 2025-06-14 17:20:14 --> CodeIgniter\Database\Exceptions\DatabaseException: Duplicate entry '2322' for key 'PRIMARY'
[Method: POST, Route: c_buku/tambahdata]
in SYSTEMPATH\Database\BaseConnection.php on line 692.
 1 SYSTEMPATH\Database\BaseBuilder.php(2345): CodeIgniter\Database\BaseConnection->query('INSERT INTO `buku` (`KD_BUKU`, `JUDUL`, `PENGARANG`, `PENERBIT`) VALUES (:KD_BUKU:, :JUDUL:, :PENGARANG:, :PENERBIT:)', [...], false)
 2 SYSTEMPATH\Model.php(394): CodeIgniter\Database\BaseBuilder->insert()
 3 SYSTEMPATH\BaseModel.php(843): CodeIgniter\Model->doInsert([...])
 4 SYSTEMPATH\Model.php(800): CodeIgniter\BaseModel->insert([...], true)
 5 APPPATH\Models\m_buku.php(26): CodeIgniter\Model->insert([...])
 6 APPPATH\Controllers\c_buku.php(18): App\Models\m_buku->tambah()
 7 SYSTEMPATH\CodeIgniter.php(933): App\Controllers\c_buku->tambahdata()
 8 SYSTEMPATH\CodeIgniter.php(507): CodeIgniter\CodeIgniter->runController(Object(App\Controllers\c_buku))
 9 SYSTEMPATH\CodeIgniter.php(354): CodeIgniter\CodeIgniter->handleRequest(null, Object(Config\Cache), false)
10 SYSTEMPATH\Boot.php(334): CodeIgniter\CodeIgniter->run()
11 SYSTEMPATH\Boot.php(67): CodeIgniter\Boot::runCodeIgniter(Object(CodeIgniter\CodeIgniter))
12 FCPATH\index.php(59): CodeIgniter\Boot::bootWeb(Object(Config\Paths))
13 SYSTEMPATH\rewrite.php(44): require_once('C:\\xampp\\htdocs\\webperpustakaan\\public\\index.php')
CRITICAL - 2025-06-14 17:20:14 --> [Caused by] CodeIgniter\Database\Exceptions\DatabaseException: Duplicate entry '2322' for key 'PRIMARY'
in SYSTEMPATH\Database\MySQLi\Connection.php on line 332.
 1 SYSTEMPATH\Database\BaseConnection.php(738): CodeIgniter\Database\MySQLi\Connection->execute('INSERT INTO `buku` (`KD_BUKU`, `JUDUL`, `PENGARANG`, `PENERBIT`) VALUES (\'2322\', \'Corel Draw\', \'Aditya S.T\', \'Media Kita\')')
 2 SYSTEMPATH\Database\BaseConnection.php(652): CodeIgniter\Database\BaseConnection->simpleQuery('INSERT INTO `buku` (`KD_BUKU`, `JUDUL`, `PENGARANG`, `PENERBIT`) VALUES (\'2322\', \'Corel Draw\', \'Aditya S.T\', \'Media Kita\')')
 3 SYSTEMPATH\Database\BaseBuilder.php(2345): CodeIgniter\Database\BaseConnection->query('INSERT INTO `buku` (`KD_BUKU`, `JUDUL`, `PENGARANG`, `PENERBIT`) VALUES (:KD_BUKU:, :JUDUL:, :PENGARANG:, :PENERBIT:)', [...], false)
 4 SYSTEMPATH\Model.php(394): CodeIgniter\Database\BaseBuilder->insert()
 5 SYSTEMPATH\BaseModel.php(843): CodeIgniter\Model->doInsert([...])
 6 SYSTEMPATH\Model.php(800): CodeIgniter\BaseModel->insert([...], true)
 7 APPPATH\Models\m_buku.php(26): CodeIgniter\Model->insert([...])
 8 APPPATH\Controllers\c_buku.php(18): App\Models\m_buku->tambah()
 9 SYSTEMPATH\CodeIgniter.php(933): App\Controllers\c_buku->tambahdata()
10 SYSTEMPATH\CodeIgniter.php(507): CodeIgniter\CodeIgniter->runController(Object(App\Controllers\c_buku))
11 SYSTEMPATH\CodeIgniter.php(354): CodeIgniter\CodeIgniter->handleRequest(null, Object(Config\Cache), false)
12 SYSTEMPATH\Boot.php(334): CodeIgniter\CodeIgniter->run()
13 SYSTEMPATH\Boot.php(67): CodeIgniter\Boot::runCodeIgniter(Object(CodeIgniter\CodeIgniter))
14 FCPATH\index.php(59): CodeIgniter\Boot::bootWeb(Object(Config\Paths))
15 SYSTEMPATH\rewrite.php(44): require_once('C:\\xampp\\htdocs\\webperpustakaan\\public\\index.php')
CRITICAL - 2025-06-14 17:20:14 --> [Caused by] mysqli_sql_exception: Duplicate entry '2322' for key 'PRIMARY'
in SYSTEMPATH\Database\MySQLi\Connection.php on line 327.
 1 SYSTEMPATH\Database\MySQLi\Connection.php(327): mysqli->query('INSERT INTO `buku` (`KD_BUKU`, `JUDUL`, `PENGARANG`, `PENERBIT`) VALUES (\'2322\', \'Corel Draw\', \'Aditya S.T\', \'Media Kita\')', 0)
 2 SYSTEMPATH\Database\BaseConnection.php(738): CodeIgniter\Database\MySQLi\Connection->execute('INSERT INTO `buku` (`KD_BUKU`, `JUDUL`, `PENGARANG`, `PENERBIT`) VALUES (\'2322\', \'Corel Draw\', \'Aditya S.T\', \'Media Kita\')')
 3 SYSTEMPATH\Database\BaseConnection.php(652): CodeIgniter\Database\BaseConnection->simpleQuery('INSERT INTO `buku` (`KD_BUKU`, `JUDUL`, `PENGARANG`, `PENERBIT`) VALUES (\'2322\', \'Corel Draw\', \'Aditya S.T\', \'Media Kita\')')
 4 SYSTEMPATH\Database\BaseBuilder.php(2345): CodeIgniter\Database\BaseConnection->query('INSERT INTO `buku` (`KD_BUKU`, `JUDUL`, `PENGARANG`, `PENERBIT`) VALUES (:KD_BUKU:, :JUDUL:, :PENGARANG:, :PENERBIT:)', [...], false)
 5 SYSTEMPATH\Model.php(394): CodeIgniter\Database\BaseBuilder->insert()
 6 SYSTEMPATH\BaseModel.php(843): CodeIgniter\Model->doInsert([...])
 7 SYSTEMPATH\Model.php(800): CodeIgniter\BaseModel->insert([...], true)
 8 APPPATH\Models\m_buku.php(26): CodeIgniter\Model->insert([...])
 9 APPPATH\Controllers\c_buku.php(18): App\Models\m_buku->tambah()
10 SYSTEMPATH\CodeIgniter.php(933): App\Controllers\c_buku->tambahdata()
11 SYSTEMPATH\CodeIgniter.php(507): CodeIgniter\CodeIgniter->runController(Object(App\Controllers\c_buku))
12 SYSTEMPATH\CodeIgniter.php(354): CodeIgniter\CodeIgniter->handleRequest(null, Object(Config\Cache), false)
13 SYSTEMPATH\Boot.php(334): CodeIgniter\CodeIgniter->run()
14 SYSTEMPATH\Boot.php(67): CodeIgniter\Boot::runCodeIgniter(Object(CodeIgniter\CodeIgniter))
15 FCPATH\index.php(59): CodeIgniter\Boot::bootWeb(Object(Config\Paths))
16 SYSTEMPATH\rewrite.php(44): require_once('C:\\xampp\\htdocs\\webperpustakaan\\public\\index.php')
ERROR - 2025-06-14 17:21:09 --> mysqli_sql_exception: Duplicate entry '2322' for key 'PRIMARY' in C:\xampp\htdocs\webperpustakaan\system\Database\MySQLi\Connection.php:327
Stack trace:
#0 C:\xampp\htdocs\webperpustakaan\system\Database\MySQLi\Connection.php(327): mysqli->query('INSERT INTO `bu...', 0)
#1 C:\xampp\htdocs\webperpustakaan\system\Database\BaseConnection.php(738): CodeIgniter\Database\MySQLi\Connection->execute('INSERT INTO `bu...')
#2 C:\xampp\htdocs\webperpustakaan\system\Database\BaseConnection.php(652): CodeIgniter\Database\BaseConnection->simpleQuery('INSERT INTO `bu...')
#3 C:\xampp\htdocs\webperpustakaan\system\Database\BaseBuilder.php(2345): CodeIgniter\Database\BaseConnection->query('INSERT INTO `bu...', Array, false)
#4 C:\xampp\htdocs\webperpustakaan\system\Model.php(394): CodeIgniter\Database\BaseBuilder->insert()
#5 C:\xampp\htdocs\webperpustakaan\system\BaseModel.php(843): CodeIgniter\Model->doInsert(Array)
#6 C:\xampp\htdocs\webperpustakaan\system\Model.php(800): CodeIgniter\BaseModel->insert(Array, true)
#7 C:\xampp\htdocs\webperpustakaan\app\Models\m_buku.php(26): CodeIgniter\Model->insert(Array)
#8 C:\xampp\htdocs\webperpustakaan\app\Controllers\c_buku.php(18): App\Models\m_buku->tambah()
#9 C:\xampp\htdocs\webperpustakaan\system\CodeIgniter.php(933): App\Controllers\c_buku->tambahdata()
#10 C:\xampp\htdocs\webperpustakaan\system\CodeIgniter.php(507): CodeIgniter\CodeIgniter->runController(Object(App\Controllers\c_buku))
#11 C:\xampp\htdocs\webperpustakaan\system\CodeIgniter.php(354): CodeIgniter\CodeIgniter->handleRequest(NULL, Object(Config\Cache), false)
#12 C:\xampp\htdocs\webperpustakaan\system\Boot.php(334): CodeIgniter\CodeIgniter->run()
#13 C:\xampp\htdocs\webperpustakaan\system\Boot.php(67): CodeIgniter\Boot::runCodeIgniter(Object(CodeIgniter\CodeIgniter))
#14 C:\xampp\htdocs\webperpustakaan\public\index.php(59): CodeIgniter\Boot::bootWeb(Object(Config\Paths))
#15 C:\xampp\htdocs\webperpustakaan\system\rewrite.php(44): require_once('C:\\xampp\\htdocs...')
#16 {main}
CRITICAL - 2025-06-14 17:21:09 --> CodeIgniter\Database\Exceptions\DatabaseException: Duplicate entry '2322' for key 'PRIMARY'
[Method: POST, Route: c_buku/tambahdata]
in SYSTEMPATH\Database\BaseConnection.php on line 692.
 1 SYSTEMPATH\Database\BaseBuilder.php(2345): CodeIgniter\Database\BaseConnection->query('INSERT INTO `buku` (`KD_BUKU`, `JUDUL`, `PENGARANG`, `PENERBIT`) VALUES (:KD_BUKU:, :JUDUL:, :PENGARANG:, :PENERBIT:)', [...], false)
 2 SYSTEMPATH\Model.php(394): CodeIgniter\Database\BaseBuilder->insert()
 3 SYSTEMPATH\BaseModel.php(843): CodeIgniter\Model->doInsert([...])
 4 SYSTEMPATH\Model.php(800): CodeIgniter\BaseModel->insert([...], true)
 5 APPPATH\Models\m_buku.php(26): CodeIgniter\Model->insert([...])
 6 APPPATH\Controllers\c_buku.php(18): App\Models\m_buku->tambah()
 7 SYSTEMPATH\CodeIgniter.php(933): App\Controllers\c_buku->tambahdata()
 8 SYSTEMPATH\CodeIgniter.php(507): CodeIgniter\CodeIgniter->runController(Object(App\Controllers\c_buku))
 9 SYSTEMPATH\CodeIgniter.php(354): CodeIgniter\CodeIgniter->handleRequest(null, Object(Config\Cache), false)
10 SYSTEMPATH\Boot.php(334): CodeIgniter\CodeIgniter->run()
11 SYSTEMPATH\Boot.php(67): CodeIgniter\Boot::runCodeIgniter(Object(CodeIgniter\CodeIgniter))
12 FCPATH\index.php(59): CodeIgniter\Boot::bootWeb(Object(Config\Paths))
13 SYSTEMPATH\rewrite.php(44): require_once('C:\\xampp\\htdocs\\webperpustakaan\\public\\index.php')
CRITICAL - 2025-06-14 17:21:09 --> [Caused by] CodeIgniter\Database\Exceptions\DatabaseException: Duplicate entry '2322' for key 'PRIMARY'
in SYSTEMPATH\Database\MySQLi\Connection.php on line 332.
 1 SYSTEMPATH\Database\BaseConnection.php(738): CodeIgniter\Database\MySQLi\Connection->execute('INSERT INTO `buku` (`KD_BUKU`, `JUDUL`, `PENGARANG`, `PENERBIT`) VALUES (\'2322\', \'Corel Draw\', \'Aditya S.T\', \'Media Kita\')')
 2 SYSTEMPATH\Database\BaseConnection.php(652): CodeIgniter\Database\BaseConnection->simpleQuery('INSERT INTO `buku` (`KD_BUKU`, `JUDUL`, `PENGARANG`, `PENERBIT`) VALUES (\'2322\', \'Corel Draw\', \'Aditya S.T\', \'Media Kita\')')
 3 SYSTEMPATH\Database\BaseBuilder.php(2345): CodeIgniter\Database\BaseConnection->query('INSERT INTO `buku` (`KD_BUKU`, `JUDUL`, `PENGARANG`, `PENERBIT`) VALUES (:KD_BUKU:, :JUDUL:, :PENGARANG:, :PENERBIT:)', [...], false)
 4 SYSTEMPATH\Model.php(394): CodeIgniter\Database\BaseBuilder->insert()
 5 SYSTEMPATH\BaseModel.php(843): CodeIgniter\Model->doInsert([...])
 6 SYSTEMPATH\Model.php(800): CodeIgniter\BaseModel->insert([...], true)
 7 APPPATH\Models\m_buku.php(26): CodeIgniter\Model->insert([...])
 8 APPPATH\Controllers\c_buku.php(18): App\Models\m_buku->tambah()
 9 SYSTEMPATH\CodeIgniter.php(933): App\Controllers\c_buku->tambahdata()
10 SYSTEMPATH\CodeIgniter.php(507): CodeIgniter\CodeIgniter->runController(Object(App\Controllers\c_buku))
11 SYSTEMPATH\CodeIgniter.php(354): CodeIgniter\CodeIgniter->handleRequest(null, Object(Config\Cache), false)
12 SYSTEMPATH\Boot.php(334): CodeIgniter\CodeIgniter->run()
13 SYSTEMPATH\Boot.php(67): CodeIgniter\Boot::runCodeIgniter(Object(CodeIgniter\CodeIgniter))
14 FCPATH\index.php(59): CodeIgniter\Boot::bootWeb(Object(Config\Paths))
15 SYSTEMPATH\rewrite.php(44): require_once('C:\\xampp\\htdocs\\webperpustakaan\\public\\index.php')
CRITICAL - 2025-06-14 17:21:09 --> [Caused by] mysqli_sql_exception: Duplicate entry '2322' for key 'PRIMARY'
in SYSTEMPATH\Database\MySQLi\Connection.php on line 327.
 1 SYSTEMPATH\Database\MySQLi\Connection.php(327): mysqli->query('INSERT INTO `buku` (`KD_BUKU`, `JUDUL`, `PENGARANG`, `PENERBIT`) VALUES (\'2322\', \'Corel Draw\', \'Aditya S.T\', \'Media Kita\')', 0)
 2 SYSTEMPATH\Database\BaseConnection.php(738): CodeIgniter\Database\MySQLi\Connection->execute('INSERT INTO `buku` (`KD_BUKU`, `JUDUL`, `PENGARANG`, `PENERBIT`) VALUES (\'2322\', \'Corel Draw\', \'Aditya S.T\', \'Media Kita\')')
 3 SYSTEMPATH\Database\BaseConnection.php(652): CodeIgniter\Database\BaseConnection->simpleQuery('INSERT INTO `buku` (`KD_BUKU`, `JUDUL`, `PENGARANG`, `PENERBIT`) VALUES (\'2322\', \'Corel Draw\', \'Aditya S.T\', \'Media Kita\')')
 4 SYSTEMPATH\Database\BaseBuilder.php(2345): CodeIgniter\Database\BaseConnection->query('INSERT INTO `buku` (`KD_BUKU`, `JUDUL`, `PENGARANG`, `PENERBIT`) VALUES (:KD_BUKU:, :JUDUL:, :PENGARANG:, :PENERBIT:)', [...], false)
 5 SYSTEMPATH\Model.php(394): CodeIgniter\Database\BaseBuilder->insert()
 6 SYSTEMPATH\BaseModel.php(843): CodeIgniter\Model->doInsert([...])
 7 SYSTEMPATH\Model.php(800): CodeIgniter\BaseModel->insert([...], true)
 8 APPPATH\Models\m_buku.php(26): CodeIgniter\Model->insert([...])
 9 APPPATH\Controllers\c_buku.php(18): App\Models\m_buku->tambah()
10 SYSTEMPATH\CodeIgniter.php(933): App\Controllers\c_buku->tambahdata()
11 SYSTEMPATH\CodeIgniter.php(507): CodeIgniter\CodeIgniter->runController(Object(App\Controllers\c_buku))
12 SYSTEMPATH\CodeIgniter.php(354): CodeIgniter\CodeIgniter->handleRequest(null, Object(Config\Cache), false)
13 SYSTEMPATH\Boot.php(334): CodeIgniter\CodeIgniter->run()
14 SYSTEMPATH\Boot.php(67): CodeIgniter\Boot::runCodeIgniter(Object(CodeIgniter\CodeIgniter))
15 FCPATH\index.php(59): CodeIgniter\Boot::bootWeb(Object(Config\Paths))
16 SYSTEMPATH\rewrite.php(44): require_once('C:\\xampp\\htdocs\\webperpustakaan\\public\\index.php')
CRITICAL - 2025-06-14 20:00:23 --> CodeIgniter\View\Exceptions\ViewException: Invalid file: "v_mahasiswa.php"
[Method: GET, Route: cMahasiswa]
in SYSTEMPATH\Exceptions\FrameworkException.php on line 39.
 1 SYSTEMPATH\View\View.php(212): CodeIgniter\Exceptions\FrameworkException::forInvalidFile('v_mahasiswa.php')
 2 SYSTEMPATH\Common.php(1173): CodeIgniter\View\View->render('v_mahasiswa', [], true)
 3 APPPATH\Controllers\cMahasiswa.php(29): view('v_mahasiswa', [...])
 4 SYSTEMPATH\CodeIgniter.php(933): App\Controllers\cMahasiswa->index()
 5 SYSTEMPATH\CodeIgniter.php(507): CodeIgniter\CodeIgniter->runController(Object(App\Controllers\cMahasiswa))
 6 SYSTEMPATH\CodeIgniter.php(354): CodeIgniter\CodeIgniter->handleRequest(null, Object(Config\Cache), false)
 7 SYSTEMPATH\Boot.php(334): CodeIgniter\CodeIgniter->run()
 8 SYSTEMPATH\Boot.php(67): CodeIgniter\Boot::runCodeIgniter(Object(CodeIgniter\CodeIgniter))
 9 FCPATH\index.php(59): CodeIgniter\Boot::bootWeb(Object(Config\Paths))
10 SYSTEMPATH\rewrite.php(44): require_once('C:\\xampp\\htdocs\\webperpustakaan\\public\\index.php')
CRITICAL - 2025-06-14 20:52:55 --> ErrorException: Declaration of App\Models\m_buku::update($KD_BUKU) must be compatible with CodeIgniter\Model::update($id = null, $row = null): bool
[Method: GET, Route: c_buku]
in APPPATH\Models\m_buku.php on line 37.
 1 [internal function]: CodeIgniter\Debug\Exceptions->shutdownHandler()
CRITICAL - 2025-06-14 21:00:40 --> ErrorException: Declaration of App\Models\m_buku::update($KD_BUKU) must be compatible with CodeIgniter\Model::update($id = null, $row = null): bool
[Method: GET, Route: c_buku]
in APPPATH\Models\m_buku.php on line 37.
 1 [internal function]: CodeIgniter\Debug\Exceptions->shutdownHandler()
CRITICAL - 2025-06-14 21:02:58 --> ErrorException: Attempt to read property "KD_BUKU" on array
[Method: GET, Route: c_buku/updatedata/2332]
in APPPATH\Views\tambah_buku.php on line 28.
 1 APPPATH\Views\tambah_buku.php(28): CodeIgniter\Debug\Exceptions->errorHandler(2, 'Attempt to read property "KD_BUKU" on array', 'C:\\xampp\\htdocs\\webperpustakaan\\app\\Views\\tambah_buku.php', 28)
 2 SYSTEMPATH\View\View.php(224): include('C:\\xampp\\htdocs\\webperpustakaan\\app\\Views\\tambah_buku.php')
 3 SYSTEMPATH\View\View.php(227): CodeIgniter\View\View->CodeIgniter\View\{closure}()
 4 SYSTEMPATH\Common.php(1173): CodeIgniter\View\View->render('tambah_buku', [], true)
 5 APPPATH\Controllers\c_buku.php(34): view('tambah_buku', [...])
 6 SYSTEMPATH\CodeIgniter.php(933): App\Controllers\c_buku->updatedata('2332')
 7 SYSTEMPATH\CodeIgniter.php(507): CodeIgniter\CodeIgniter->runController(Object(App\Controllers\c_buku))
 8 SYSTEMPATH\CodeIgniter.php(354): CodeIgniter\CodeIgniter->handleRequest(null, Object(Config\Cache), false)
 9 SYSTEMPATH\Boot.php(334): CodeIgniter\CodeIgniter->run()
10 SYSTEMPATH\Boot.php(67): CodeIgniter\Boot::runCodeIgniter(Object(CodeIgniter\CodeIgniter))
11 FCPATH\index.php(59): CodeIgniter\Boot::bootWeb(Object(Config\Paths))
12 SYSTEMPATH\rewrite.php(44): require_once('C:\\xampp\\htdocs\\webperpustakaan\\public\\index.php')
CRITICAL - 2025-06-14 21:09:10 --> ErrorException: Attempt to read property "KD_BUKU" on array
[Method: GET, Route: c_buku/updatedata/2332]
in APPPATH\Views\tambah_buku.php on line 28.
 1 APPPATH\Views\tambah_buku.php(28): CodeIgniter\Debug\Exceptions->errorHandler(2, 'Attempt to read property "KD_BUKU" on array', 'C:\\xampp\\htdocs\\webperpustakaan\\app\\Views\\tambah_buku.php', 28)
 2 SYSTEMPATH\View\View.php(224): include('C:\\xampp\\htdocs\\webperpustakaan\\app\\Views\\tambah_buku.php')
 3 SYSTEMPATH\View\View.php(227): CodeIgniter\View\View->CodeIgniter\View\{closure}()
 4 SYSTEMPATH\Common.php(1173): CodeIgniter\View\View->render('tambah_buku', [], true)
 5 APPPATH\Controllers\c_buku.php(34): view('tambah_buku', [...])
 6 SYSTEMPATH\CodeIgniter.php(933): App\Controllers\c_buku->updatedata('2332')
 7 SYSTEMPATH\CodeIgniter.php(507): CodeIgniter\CodeIgniter->runController(Object(App\Controllers\c_buku))
 8 SYSTEMPATH\CodeIgniter.php(354): CodeIgniter\CodeIgniter->handleRequest(null, Object(Config\Cache), false)
 9 SYSTEMPATH\Boot.php(334): CodeIgniter\CodeIgniter->run()
10 SYSTEMPATH\Boot.php(67): CodeIgniter\Boot::runCodeIgniter(Object(CodeIgniter\CodeIgniter))
11 FCPATH\index.php(59): CodeIgniter\Boot::bootWeb(Object(Config\Paths))
12 SYSTEMPATH\rewrite.php(44): require_once('C:\\xampp\\htdocs\\webperpustakaan\\public\\index.php')
CRITICAL - 2025-06-14 22:30:24 --> CodeIgniter\View\Exceptions\ViewException: Invalid file: "formMahasiswa.php"
[Method: GET, Route: cMahasiswa/formtambah]
in SYSTEMPATH\Exceptions\FrameworkException.php on line 39.
 1 SYSTEMPATH\View\View.php(212): CodeIgniter\Exceptions\FrameworkException::forInvalidFile('formMahasiswa.php')
 2 SYSTEMPATH\Common.php(1173): CodeIgniter\View\View->render('formMahasiswa', [], true)
 3 APPPATH\Controllers\cMahasiswa.php(21): view('formMahasiswa')
 4 SYSTEMPATH\CodeIgniter.php(933): App\Controllers\cMahasiswa->formtambah()
 5 SYSTEMPATH\CodeIgniter.php(507): CodeIgniter\CodeIgniter->runController(Object(App\Controllers\cMahasiswa))
 6 SYSTEMPATH\CodeIgniter.php(354): CodeIgniter\CodeIgniter->handleRequest(null, Object(Config\Cache), false)
 7 SYSTEMPATH\Boot.php(334): CodeIgniter\CodeIgniter->run()
 8 SYSTEMPATH\Boot.php(67): CodeIgniter\Boot::runCodeIgniter(Object(CodeIgniter\CodeIgniter))
 9 FCPATH\index.php(59): CodeIgniter\Boot::bootWeb(Object(Config\Paths))
10 SYSTEMPATH\rewrite.php(44): require_once('C:\\xampp\\htdocs\\webperpustakaan\\public\\index.php')
CRITICAL - 2025-06-14 22:33:36 --> CodeIgniter\View\Exceptions\ViewException: Invalid file: "formMahasiswa.php"
[Method: GET, Route: cMahasiswa/formtambah]
in SYSTEMPATH\Exceptions\FrameworkException.php on line 39.
 1 SYSTEMPATH\View\View.php(212): CodeIgniter\Exceptions\FrameworkException::forInvalidFile('formMahasiswa.php')
 2 SYSTEMPATH\Common.php(1173): CodeIgniter\View\View->render('formMahasiswa', [], true)
 3 APPPATH\Controllers\cMahasiswa.php(22): view('formMahasiswa')
 4 SYSTEMPATH\CodeIgniter.php(933): App\Controllers\cMahasiswa->formtambah()
 5 SYSTEMPATH\CodeIgniter.php(507): CodeIgniter\CodeIgniter->runController(Object(App\Controllers\cMahasiswa))
 6 SYSTEMPATH\CodeIgniter.php(354): CodeIgniter\CodeIgniter->handleRequest(null, Object(Config\Cache), false)
 7 SYSTEMPATH\Boot.php(334): CodeIgniter\CodeIgniter->run()
 8 SYSTEMPATH\Boot.php(67): CodeIgniter\Boot::runCodeIgniter(Object(CodeIgniter\CodeIgniter))
 9 FCPATH\index.php(59): CodeIgniter\Boot::bootWeb(Object(Config\Paths))
10 SYSTEMPATH\rewrite.php(44): require_once('C:\\xampp\\htdocs\\webperpustakaan\\public\\index.php')
CRITICAL - 2025-06-14 22:41:51 --> CodeIgniter\View\Exceptions\ViewException: Invalid file: "formMahasiswa.php"
[Method: GET, Route: cMahasiswa/formtambah]
in SYSTEMPATH\Exceptions\FrameworkException.php on line 39.
 1 SYSTEMPATH\View\View.php(212): CodeIgniter\Exceptions\FrameworkException::forInvalidFile('formMahasiswa.php')
 2 SYSTEMPATH\Common.php(1173): CodeIgniter\View\View->render('formMahasiswa', [], true)
 3 APPPATH\Controllers\cMahasiswa.php(22): view('formMahasiswa')
 4 SYSTEMPATH\CodeIgniter.php(933): App\Controllers\cMahasiswa->formtambah()
 5 SYSTEMPATH\CodeIgniter.php(507): CodeIgniter\CodeIgniter->runController(Object(App\Controllers\cMahasiswa))
 6 SYSTEMPATH\CodeIgniter.php(354): CodeIgniter\CodeIgniter->handleRequest(null, Object(Config\Cache), false)
 7 SYSTEMPATH\Boot.php(334): CodeIgniter\CodeIgniter->run()
 8 SYSTEMPATH\Boot.php(67): CodeIgniter\Boot::runCodeIgniter(Object(CodeIgniter\CodeIgniter))
 9 FCPATH\index.php(59): CodeIgniter\Boot::bootWeb(Object(Config\Paths))
10 SYSTEMPATH\rewrite.php(44): require_once('C:\\xampp\\htdocs\\webperpustakaan\\public\\index.php')
CRITICAL - 2025-06-14 22:45:56 --> CodeIgniter\View\Exceptions\ViewException: Invalid file: "formMahasiswa.php"
[Method: GET, Route: cMahasiswa/formtambah]
in SYSTEMPATH\Exceptions\FrameworkException.php on line 39.
 1 SYSTEMPATH\View\View.php(212): CodeIgniter\Exceptions\FrameworkException::forInvalidFile('formMahasiswa.php')
 2 SYSTEMPATH\Common.php(1173): CodeIgniter\View\View->render('formMahasiswa', [], true)
 3 APPPATH\Controllers\cMahasiswa.php(21): view('formMahasiswa')
 4 SYSTEMPATH\CodeIgniter.php(933): App\Controllers\cMahasiswa->formtambah()
 5 SYSTEMPATH\CodeIgniter.php(507): CodeIgniter\CodeIgniter->runController(Object(App\Controllers\cMahasiswa))
 6 SYSTEMPATH\CodeIgniter.php(354): CodeIgniter\CodeIgniter->handleRequest(null, Object(Config\Cache), false)
 7 SYSTEMPATH\Boot.php(334): CodeIgniter\CodeIgniter->run()
 8 SYSTEMPATH\Boot.php(67): CodeIgniter\Boot::runCodeIgniter(Object(CodeIgniter\CodeIgniter))
 9 FCPATH\index.php(59): CodeIgniter\Boot::bootWeb(Object(Config\Paths))
10 SYSTEMPATH\rewrite.php(44): require_once('C:\\xampp\\htdocs\\webperpustakaan\\public\\index.php')
CRITICAL - 2025-06-14 22:46:02 --> CodeIgniter\View\Exceptions\ViewException: Invalid file: "formMahasiswa.php"
[Method: GET, Route: cMahasiswa/updatedata/2001981]
in SYSTEMPATH\Exceptions\FrameworkException.php on line 39.
 1 SYSTEMPATH\View\View.php(212): CodeIgniter\Exceptions\FrameworkException::forInvalidFile('formMahasiswa.php')
 2 SYSTEMPATH\Common.php(1173): CodeIgniter\View\View->render('formMahasiswa', [], true)
 3 APPPATH\Controllers\cMahasiswa.php(38): view('formMahasiswa', [...])
 4 SYSTEMPATH\CodeIgniter.php(933): App\Controllers\cMahasiswa->updatedata('2001981')
 5 SYSTEMPATH\CodeIgniter.php(507): CodeIgniter\CodeIgniter->runController(Object(App\Controllers\cMahasiswa))
 6 SYSTEMPATH\CodeIgniter.php(354): CodeIgniter\CodeIgniter->handleRequest(null, Object(Config\Cache), false)
 7 SYSTEMPATH\Boot.php(334): CodeIgniter\CodeIgniter->run()
 8 SYSTEMPATH\Boot.php(67): CodeIgniter\Boot::runCodeIgniter(Object(CodeIgniter\CodeIgniter))
 9 FCPATH\index.php(59): CodeIgniter\Boot::bootWeb(Object(Config\Paths))
10 SYSTEMPATH\rewrite.php(44): require_once('C:\\xampp\\htdocs\\webperpustakaan\\public\\index.php')
CRITICAL - 2025-06-14 22:46:05 --> CodeIgniter\View\Exceptions\ViewException: Invalid file: "formMahasiswa.php"
[Method: GET, Route: cMahasiswa/formtambah]
in SYSTEMPATH\Exceptions\FrameworkException.php on line 39.
 1 SYSTEMPATH\View\View.php(212): CodeIgniter\Exceptions\FrameworkException::forInvalidFile('formMahasiswa.php')
 2 SYSTEMPATH\Common.php(1173): CodeIgniter\View\View->render('formMahasiswa', [], true)
 3 APPPATH\Controllers\cMahasiswa.php(21): view('formMahasiswa')
 4 SYSTEMPATH\CodeIgniter.php(933): App\Controllers\cMahasiswa->formtambah()
 5 SYSTEMPATH\CodeIgniter.php(507): CodeIgniter\CodeIgniter->runController(Object(App\Controllers\cMahasiswa))
 6 SYSTEMPATH\CodeIgniter.php(354): CodeIgniter\CodeIgniter->handleRequest(null, Object(Config\Cache), false)
 7 SYSTEMPATH\Boot.php(334): CodeIgniter\CodeIgniter->run()
 8 SYSTEMPATH\Boot.php(67): CodeIgniter\Boot::runCodeIgniter(Object(CodeIgniter\CodeIgniter))
 9 FCPATH\index.php(59): CodeIgniter\Boot::bootWeb(Object(Config\Paths))
10 SYSTEMPATH\rewrite.php(44): require_once('C:\\xampp\\htdocs\\webperpustakaan\\public\\index.php')
CRITICAL - 2025-06-14 22:48:22 --> CodeIgniter\View\Exceptions\ViewException: Invalid file: "formMahasiswa.php"
[Method: GET, Route: cMahasiswa/formtambah]
in SYSTEMPATH\Exceptions\FrameworkException.php on line 39.
 1 SYSTEMPATH\View\View.php(212): CodeIgniter\Exceptions\FrameworkException::forInvalidFile('formMahasiswa.php')
 2 SYSTEMPATH\Common.php(1173): CodeIgniter\View\View->render('formMahasiswa', [], true)
 3 APPPATH\Controllers\cMahasiswa.php(25): view('formMahasiswa')
 4 SYSTEMPATH\CodeIgniter.php(933): App\Controllers\cMahasiswa->formtambah()
 5 SYSTEMPATH\CodeIgniter.php(507): CodeIgniter\CodeIgniter->runController(Object(App\Controllers\cMahasiswa))
 6 SYSTEMPATH\CodeIgniter.php(354): CodeIgniter\CodeIgniter->handleRequest(null, Object(Config\Cache), false)
 7 SYSTEMPATH\Boot.php(334): CodeIgniter\CodeIgniter->run()
 8 SYSTEMPATH\Boot.php(67): CodeIgniter\Boot::runCodeIgniter(Object(CodeIgniter\CodeIgniter))
 9 FCPATH\index.php(59): CodeIgniter\Boot::bootWeb(Object(Config\Paths))
10 SYSTEMPATH\rewrite.php(44): require_once('C:\\xampp\\htdocs\\webperpustakaan\\public\\index.php')
